Using pre-set license
Built from '2021.3/release' branch; Version is '2021.3.17f1 (3e8111cac19d) revision 4096273'; Using compiler version '192829333'; Build Type 'Release'
OS: 'Windows 11  (10.0.22621) 64bit Core' Language: 'en' Physical Memory: 15741 MB
BatchMode: 1, IsHumanControllingUs: 0, StartBugReporterOnCrash: 0, Is64bit: 1, IsPro: 1

COMMAND LINE ARGUMENTS:
C:\Program Files\Unity Hub\2021.3.17f1\Editor\Unity.exe
-adb2
-batchMode
-noUpm
-name
AssetImportWorker0
-projectPath
C:/Users/Hugo Rivera/Documents/Universidad/Ciclo ene-ago 2023 ISW/Top/Practica13
-logFile
Logs/AssetImportWorker0.log
-srvPort
50696
Successfully changed project path to: C:/Users/Hugo Rivera/Documents/Universidad/Ciclo ene-ago 2023 ISW/Top/Practica13
C:/Users/Hugo Rivera/Documents/Universidad/Ciclo ene-ago 2023 ISW/Top/Practica13
[UnityMemory] Configuration Parameters - Can be set up in boot.config
    "memorysetup-bucket-allocator-granularity=16"
    "memorysetup-bucket-allocator-bucket-count=8"
    "memorysetup-bucket-allocator-block-size=33554432"
    "memorysetup-bucket-allocator-block-count=8"
    "memorysetup-main-allocator-block-size=16777216"
    "memorysetup-thread-allocator-block-size=16777216"
    "memorysetup-gfx-main-allocator-block-size=16777216"
    "memorysetup-gfx-thread-allocator-block-size=16777216"
    "memorysetup-cache-allocator-block-size=4194304"
    "memorysetup-typetree-allocator-block-size=2097152"
    "memorysetup-profiler-bucket-allocator-granularity=16"
    "memorysetup-profiler-bucket-allocator-bucket-count=8"
    "memorysetup-profiler-bucket-allocator-block-size=33554432"
    "memorysetup-profiler-bucket-allocator-block-count=8"
    "memorysetup-profiler-allocator-block-size=16777216"
    "memorysetup-profiler-editor-allocator-block-size=1048576"
    "memorysetup-temp-allocator-size-main=16777216"
    "memorysetup-job-temp-allocator-block-size=2097152"
    "memorysetup-job-temp-allocator-block-size-background=1048576"
    "memorysetup-job-temp-allocator-reduction-small-platforms=262144"
    "memorysetup-temp-allocator-size-background-worker=32768"
    "memorysetup-temp-allocator-size-job-worker=262144"
    "memorysetup-temp-allocator-size-preload-manager=33554432"
    "memorysetup-temp-allocator-size-nav-mesh-worker=65536"
    "memorysetup-temp-allocator-size-audio-worker=65536"
    "memorysetup-temp-allocator-size-cloud-worker=32768"
    "memorysetup-temp-allocator-size-gi-baking-worker=262144"
    "memorysetup-temp-allocator-size-gfx=262144"
Player connection [23220] Host "[IP] 192.168.1.68 [Port] 0 [Flags] 2 [Guid] 2572728000 [EditorId] 2572728000 [Version] 1048832 [Id] WindowsEditor(7,LAPTOP-015QE87K) [Debug] 1 [PackageName] WindowsEditor [ProjectName] Editor" joined multi-casting on [225.0.0.222:54997]...

Player connection [23220] Host "[IP] 192.168.1.68 [Port] 0 [Flags] 2 [Guid] 2572728000 [EditorId] 2572728000 [Version] 1048832 [Id] WindowsEditor(7,LAPTOP-015QE87K) [Debug] 1 [PackageName] WindowsEditor [ProjectName] Editor" joined alternative multi-casting on [225.0.0.222:34997]...

Refreshing native plugins compatible for Editor in 94.62 ms, found 3 plugins.
Preloading 0 native plugins for Editor in 0.00 ms.
Initialize engine version: 2021.3.17f1 (3e8111cac19d)
[Subsystems] Discovering subsystems at path C:/Program Files/Unity Hub/2021.3.17f1/Editor/Data/Resources/UnitySubsystems
[Subsystems] Discovering subsystems at path C:/Users/Hugo Rivera/Documents/Universidad/Ciclo ene-ago 2023 ISW/Top/Practica13/Assets
GfxDevice: creating device client; threaded=0; jobified=0
Direct3D:
    Version:  Direct3D 11.0 [level 11.1]
    Renderer: NVIDIA GeForce GTX 1650 (ID=0x1f99)
    Vendor:   NVIDIA
    VRAM:     3950 MB
    Driver:   31.0.15.2756
Initialize mono
Mono path[0] = 'C:/Program Files/Unity Hub/2021.3.17f1/Editor/Data/Managed'
Mono path[1] = 'C:/Program Files/Unity Hub/2021.3.17f1/Editor/Data/MonoBleedingEdge/lib/mono/unityjit-win32'
Mono config path = 'C:/Program Files/Unity Hub/2021.3.17f1/Editor/Data/MonoBleedingEdge/etc'
Using monoOptions --debugger-agent=transport=dt_socket,embedding=1,server=y,suspend=n,address=127.0.0.1:56776
Begin MonoManager ReloadAssembly
Registering precompiled unity dll's ...
Register platform support module: C:/Program Files/Unity Hub/2021.3.17f1/Editor/Data/PlaybackEngines/WebGLSupport/UnityEditor.WebGL.Extensions.dll
Register platform support module: C:/Program Files/Unity Hub/2021.3.17f1/Editor/Data/PlaybackEngines/AndroidPlayer/UnityEditor.Android.Extensions.dll
Register platform support module: C:/Program Files/Unity Hub/2021.3.17f1/Editor/Data/PlaybackEngines/iOSSupport/UnityEditor.iOS.Extensions.dll
Register platform support module: C:/Program Files/Unity Hub/2021.3.17f1/Editor/Data/PlaybackEngines/WindowsStandaloneSupport/UnityEditor.WindowsStandalone.Extensions.dll
Registered in 0.010436 seconds.
Native extension for WindowsStandalone target not found
[usbmuxd] Start listen thread
[usbmuxd] Listen thread started
Native extension for iOS target not found
Native extension for Android target not found
Android Extension - Scanning For ADB Devices 416 ms
Native extension for WebGL target not found
Refreshing native plugins compatible for Editor in 93.67 ms, found 3 plugins.
Preloading 0 native plugins for Editor in 0.00 ms.
Mono: successfully reloaded assembly
- Completed reload, in  1.139 seconds
Domain Reload Profiling:
	ReloadAssembly (1140ms)
		BeginReloadAssembly (90ms)
			ExecutionOrderSort (0ms)
			DisableScriptedObjects (0ms)
			BackupInstance (0ms)
			ReleaseScriptingObjects (0ms)
			CreateAndSetChildDomain (1ms)
		EndReloadAssembly (925ms)
			LoadAssemblies (85ms)
			RebuildTransferFunctionScriptingTraits (0ms)
			SetupTypeCache (116ms)
			ReleaseScriptCaches (0ms)
			RebuildScriptCaches (29ms)
			SetupLoadedEditorAssemblies (725ms)
				LogAssemblyErrors (0ms)
				InitializePlatformSupportModulesInManaged (494ms)
				SetLoadedEditorAssemblies (0ms)
				RefreshPlugins (94ms)
				BeforeProcessingInitializeOnLoad (1ms)
				ProcessInitializeOnLoadAttributes (88ms)
				ProcessInitializeOnLoadMethodAttributes (47ms)
				AfterProcessingInitializeOnLoad (0ms)
				EditorAssembliesLoaded (0ms)
			ExecutionOrderSort2 (0ms)
			AwakeInstancesAfterBackupRestoration (0ms)
Platform modules already initialized, skipping
Registering precompiled user dll's ...
Registered in 0.010635 seconds.
Begin MonoManager ReloadAssembly
Symbol file LoadedFromMemory doesn't match image C:\Users\Hugo Rivera\Documents\Universidad\Ciclo ene-ago 2023 ISW\Top\Practica13\Library\PackageCache\com.unity.visualscripting@1.8.0\Editor\VisualScripting.Core\Dependencies\YamlDotNet\Unity.VisualScripting.YamlDotNet.dll
Symbol file LoadedFromMemory doesn't match image C:\Users\Hugo Rivera\Documents\Universidad\Ciclo ene-ago 2023 ISW\Top\Practica13\Library\PackageCache\com.unity.visualscripting@1.8.0\Editor\VisualScripting.Core\Dependencies\DotNetZip\Unity.VisualScripting.IonicZip.dll
Native extension for WindowsStandalone target not found
Native extension for iOS target not found
Native extension for Android target not found
Native extension for WebGL target not found
Refreshing native plugins compatible for Editor in 1.86 ms, found 3 plugins.
Preloading 0 native plugins for Editor in 0.00 ms.
Mono: successfully reloaded assembly
- Completed reload, in  1.664 seconds
Domain Reload Profiling:
	ReloadAssembly (1666ms)
		BeginReloadAssembly (136ms)
			ExecutionOrderSort (0ms)
			DisableScriptedObjects (8ms)
			BackupInstance (0ms)
			ReleaseScriptingObjects (0ms)
			CreateAndSetChildDomain (21ms)
		EndReloadAssembly (1365ms)
			LoadAssemblies (116ms)
			RebuildTransferFunctionScriptingTraits (0ms)
			SetupTypeCache (364ms)
			ReleaseScriptCaches (1ms)
			RebuildScriptCaches (111ms)
			SetupLoadedEditorAssemblies (658ms)
				LogAssemblyErrors (0ms)
				InitializePlatformSupportModulesInManaged (49ms)
				SetLoadedEditorAssemblies (0ms)
				RefreshPlugins (2ms)
				BeforeProcessingInitializeOnLoad (118ms)
				ProcessInitializeOnLoadAttributes (439ms)
				ProcessInitializeOnLoadMethodAttributes (35ms)
				AfterProcessingInitializeOnLoad (14ms)
				EditorAssembliesLoaded (0ms)
			ExecutionOrderSort2 (0ms)
			AwakeInstancesAfterBackupRestoration (17ms)
Platform modules already initialized, skipping
========================================================================
Worker process is ready to serve import requests
Launched and connected shader compiler UnityShaderCompiler.exe after 0.08 seconds
Refreshing native plugins compatible for Editor in 0.61 ms, found 3 plugins.
Preloading 0 native plugins for Editor in 0.00 ms.
Unloading 3382 Unused Serialized files (Serialized files now loaded: 0)
Unloading 27 unused Assets / (113.9 KB). Loaded Objects now: 3843.
Memory consumption went from 117.2 MB to 117.1 MB.
Total: 12.998900 ms (FindLiveObjects: 6.451700 ms CreateObjectMapping: 0.154700 ms MarkObjects: 6.215100 ms  DeleteObjects: 0.175200 ms)

AssetImportParameters requested are different than current active one (requested -> active):
  custom:video-decoder-ogg-theora: a1e56fd34408186e4bbccfd4996cb3dc -> 
  custom:container-muxer-webm: aa71ff27fc2769a1b78a27578f13a17b -> 
  custom:container-demuxer-webm: 4f35f7cbe854078d1ac9338744f61a02 -> 
  custom:video-encoder-webm-vp8: eb34c28f22e8b96e1ab97ce403110664 -> 
  custom:video-codec-MediaFoundation-h265: 746d11721c4dcdbdad8f713fa42b33f4 -> 
  custom:audio-encoder-webm-vorbis: bf7c407c2cedff20999df2af8eb42d56 -> 
  custom:framework-win-MediaFoundation: 216162199b28c13a410421893ffa2e32 -> 
  custom:container-demuxer-ogg: 62fdf1f143b41e24485cea50d1cbac27 -> 
  custom:video-decoder-webm-vp8: 9c59270c3fd7afecdb556c50c9e8de78 -> 
  custom:audio-decoder-ogg-vorbis: bf7c407c2cedff20999df2af8eb42d56 -> 
========================================================================
Received Import Request.
  Time since last request: 2221.054689 seconds.
  path: Assets/Materials/Floor.mat
  artifactKey: Guid(b423c570e86b92b46b3d5dddfa719588) Importer(815301076,1909f56bfc062723c751e8b465ee728b)
Start importing Assets/Materials/Floor.mat using Guid(b423c570e86b92b46b3d5dddfa719588) Importer(815301076,1909f56bfc062723c751e8b465ee728b)  -> (artifact id: '6c644de26ff13a49a0db6fe18b1c9a4b') in 0.144660 seconds 
========================================================================
Received Import Request.
  Time since last request: 14.398616 seconds.
  path: Assets/Supercyan Free Forest Sample/Materials
  artifactKey: Guid(bc070e9f178c14842a77e750ed455f02) Importer(815301076,1909f56bfc062723c751e8b465ee728b)
Start importing Assets/Supercyan Free Forest Sample/Materials using Guid(bc070e9f178c14842a77e750ed455f02) Importer(815301076,1909f56bfc062723c751e8b465ee728b)  -> (artifact id: '9ed47a4277d70492c16c13f7e18db72b') in 0.005930 seconds 
========================================================================
Received Import Request.
  Time since last request: 1.893693 seconds.
  path: Assets/Supercyan Free Forest Sample/Materials/Mobile
  artifactKey: Guid(572b3611e1e30514aaade959229a10ef) Importer(815301076,1909f56bfc062723c751e8b465ee728b)
Start importing Assets/Supercyan Free Forest Sample/Materials/Mobile using Guid(572b3611e1e30514aaade959229a10ef) Importer(815301076,1909f56bfc062723c751e8b465ee728b)  -> (artifact id: '91fc4a991cc3f1364ffd14d23bf4c6c2') in 0.006863 seconds 
========================================================================
Received Import Request.
  Time since last request: 4.095859 seconds.
  path: Assets/Supercyan Free Forest Sample/Materials/Mobile/Foliage
  artifactKey: Guid(ba34c2c74fd09a24b873eba1d614755e) Importer(815301076,1909f56bfc062723c751e8b465ee728b)
Start importing Assets/Supercyan Free Forest Sample/Materials/Mobile/Foliage using Guid(ba34c2c74fd09a24b873eba1d614755e) Importer(815301076,1909f56bfc062723c751e8b465ee728b)  -> (artifact id: '3c4b03187868a822cb068dcbf9fda2b7') in 0.006777 seconds 
========================================================================
Received Import Request.
  Time since last request: 0.041629 seconds.
  path: Assets/Supercyan Free Forest Sample/Materials/Mobile/Foliage/forestpack_foliage_low.mat
  artifactKey: Guid(c4d3add090c4d9a4b9166270167cc035) Importer(815301076,1909f56bfc062723c751e8b465ee728b)
Start importing Assets/Supercyan Free Forest Sample/Materials/Mobile/Foliage/forestpack_foliage_low.mat using Guid(c4d3add090c4d9a4b9166270167cc035) Importer(815301076,1909f56bfc062723c751e8b465ee728b)  -> (artifact id: 'd3d18bd4abf96fb88734b5264f007ae1') in 0.059539 seconds 
========================================================================
Received Import Request.
  Time since last request: 0.757339 seconds.
  path: Assets/Supercyan Free Forest Sample/Textures/Foliage/forestpack_foliage_diffuse.png
  artifactKey: Guid(1056b8bf593938a4399e74aa632e2a21) Importer(815301076,1909f56bfc062723c751e8b465ee728b)
Start importing Assets/Supercyan Free Forest Sample/Textures/Foliage/forestpack_foliage_diffuse.png using Guid(1056b8bf593938a4399e74aa632e2a21) Importer(815301076,1909f56bfc062723c751e8b465ee728b)  -> (artifact id: '7abbb9be39787ce6bffceeb3f0da3f8d') in 0.027058 seconds 
========================================================================
Received Import Request.
  Time since last request: 28.451574 seconds.
  path: Assets/Supercyan Free Forest Sample
  artifactKey: Guid(4afdb9e9eee237144b35a3f1ca18d9c3) Importer(815301076,1909f56bfc062723c751e8b465ee728b)
Start importing Assets/Supercyan Free Forest Sample using Guid(4afdb9e9eee237144b35a3f1ca18d9c3) Importer(815301076,1909f56bfc062723c751e8b465ee728b)  -> (artifact id: '28fb4363692170803190afc4b27ae856') in 0.006397 seconds 
========================================================================
Received Import Request.
  Time since last request: 5.514581 seconds.
  path: Assets/Supercyan Free Forest Sample/Textures
  artifactKey: Guid(7d2966db771d5db42a2d1ce112d24fc6) Importer(815301076,1909f56bfc062723c751e8b465ee728b)
Start importing Assets/Supercyan Free Forest Sample/Textures using Guid(7d2966db771d5db42a2d1ce112d24fc6) Importer(815301076,1909f56bfc062723c751e8b465ee728b)  -> (artifact id: 'c203ba0ce9f83083d0f5333e1d1ec3e1') in 0.006657 seconds 
========================================================================
Received Import Request.
  Time since last request: 1.881191 seconds.
  path: Assets/Supercyan Free Forest Sample/Textures/Ground
  artifactKey: Guid(c677c28c3b0a9674ab9be09764ceafa4) Importer(815301076,1909f56bfc062723c751e8b465ee728b)
Start importing Assets/Supercyan Free Forest Sample/Textures/Ground using Guid(c677c28c3b0a9674ab9be09764ceafa4) Importer(815301076,1909f56bfc062723c751e8b465ee728b)  -> (artifact id: 'b31db34fab0fb9c5e4aaf42ab19466de') in 0.005839 seconds 
========================================================================
Received Import Request.
  Time since last request: 0.068296 seconds.
  path: Assets/Supercyan Free Forest Sample/Textures/Ground/forestpack_moss_light_tile_diffuse.png
  artifactKey: Guid(4900b2b933f056247806df532f93e2b9) Importer(815301076,1909f56bfc062723c751e8b465ee728b)
Start importing Assets/Supercyan Free Forest Sample/Textures/Ground/forestpack_moss_light_tile_diffuse.png using Guid(4900b2b933f056247806df532f93e2b9) Importer(815301076,1909f56bfc062723c751e8b465ee728b)  -> (artifact id: 'e918d780f213ec53f6bf19cc721e4403') in 0.017903 seconds 
========================================================================
Received Import Request.
  Time since last request: 0.000024 seconds.
  path: Assets/Supercyan Free Forest Sample/Textures/Ground/forestpack_texture_rock_tile_diffuse.png
  artifactKey: Guid(663e42f73ce2d4c4da1a7bd245ba91a2) Importer(815301076,1909f56bfc062723c751e8b465ee728b)
Start importing Assets/Supercyan Free Forest Sample/Textures/Ground/forestpack_texture_rock_tile_diffuse.png using Guid(663e42f73ce2d4c4da1a7bd245ba91a2) Importer(815301076,1909f56bfc062723c751e8b465ee728b)  -> (artifact id: 'da2e2b06d0e0ee8bed44265ed4500920') in 0.014138 seconds 
========================================================================
Received Import Request.
  Time since last request: 16.348759 seconds.
  path: Assets/Supercyan Free Forest Sample/Textures/Ground/Materials
  artifactKey: Guid(298d8d772cc55b74ba3fc642ee2f108c) Importer(815301076,1909f56bfc062723c751e8b465ee728b)
Start importing Assets/Supercyan Free Forest Sample/Textures/Ground/Materials using Guid(298d8d772cc55b74ba3fc642ee2f108c) Importer(815301076,1909f56bfc062723c751e8b465ee728b)  -> (artifact id: '62fd3570d9250e340544e2cda5febad8') in 0.005796 seconds 
========================================================================
Received Import Request.
  Time since last request: 0.059608 seconds.
  path: Assets/Supercyan Free Forest Sample/Textures/Ground/Materials/forestpack_moss_light_tile_diffuse.mat
  artifactKey: Guid(9af82336e5238ec47ad0536a167195c3) Importer(815301076,1909f56bfc062723c751e8b465ee728b)
Start importing Assets/Supercyan Free Forest Sample/Textures/Ground/Materials/forestpack_moss_light_tile_diffuse.mat using Guid(9af82336e5238ec47ad0536a167195c3) Importer(815301076,1909f56bfc062723c751e8b465ee728b)  -> (artifact id: '12a127e58bfa4b97c77b205a0b9482b6') in 0.013810 seconds 
========================================================================
Received Import Request.
  Time since last request: 23.587544 seconds.
  path: Assets/Supercyan Free Forest Sample/Materials/High Quality
  artifactKey: Guid(586f14ae3538f11478b8dd5d23f10776) Importer(815301076,1909f56bfc062723c751e8b465ee728b)
Start importing Assets/Supercyan Free Forest Sample/Materials/High Quality using Guid(586f14ae3538f11478b8dd5d23f10776) Importer(815301076,1909f56bfc062723c751e8b465ee728b)  -> (artifact id: '0f71a042aa5bafcbdc81094a01bd5da9') in 0.007914 seconds 
========================================================================
Received Import Request.
  Time since last request: 1.699678 seconds.
  path: Assets/Supercyan Free Forest Sample/Materials/High Quality/Foliage
  artifactKey: Guid(8cd04ae807995f94b93afb88bb040f39) Importer(815301076,1909f56bfc062723c751e8b465ee728b)
Start importing Assets/Supercyan Free Forest Sample/Materials/High Quality/Foliage using Guid(8cd04ae807995f94b93afb88bb040f39) Importer(815301076,1909f56bfc062723c751e8b465ee728b)  -> (artifact id: 'e018ed4cd2b0f453ddf334b139d3e78d') in 0.005917 seconds 
========================================================================
Received Import Request.
  Time since last request: 0.031528 seconds.
  path: Assets/Supercyan Free Forest Sample/Materials/High Quality/Foliage/forestpack_foliage.mat
  artifactKey: Guid(7a8b02b78b9ba2b46bf67cddab7b9947) Importer(815301076,1909f56bfc062723c751e8b465ee728b)
Start importing Assets/Supercyan Free Forest Sample/Materials/High Quality/Foliage/forestpack_foliage.mat using Guid(7a8b02b78b9ba2b46bf67cddab7b9947) Importer(815301076,1909f56bfc062723c751e8b465ee728b)  -> (artifact id: '928396e76459f00e7d71bfeaaeb69a0f') in 0.142211 seconds 
========================================================================
Received Import Request.
  Time since last request: 8.876753 seconds.
  path: Assets/Supercyan Free Forest Sample/Terrains
  artifactKey: Guid(4c8e90fed087c3a4599b387d34f2635b) Importer(815301076,1909f56bfc062723c751e8b465ee728b)
Start importing Assets/Supercyan Free Forest Sample/Terrains using Guid(4c8e90fed087c3a4599b387d34f2635b) Importer(815301076,1909f56bfc062723c751e8b465ee728b)  -> (artifact id: '6396dcc02ed93a418633e5d3a16ffccd') in 0.004620 seconds 
========================================================================
Received Import Request.
  Time since last request: 0.217142 seconds.
  path: Assets/Supercyan Free Forest Sample/Terrains/DemoTerrain.asset
  artifactKey: Guid(9fd0999bcdb5b874882e73d08ff0d45d) Importer(815301076,1909f56bfc062723c751e8b465ee728b)
Start importing Assets/Supercyan Free Forest Sample/Terrains/DemoTerrain.asset using Guid(9fd0999bcdb5b874882e73d08ff0d45d) Importer(815301076,1909f56bfc062723c751e8b465ee728b)  -> (artifact id: 'a085e932db96c6b0c6d8f6df5f466c84') in 0.055569 seconds 
========================================================================
Received Import Request.
  Time since last request: 11.060080 seconds.
  path: Assets/Supercyan Free Forest Sample/Textures/Skybox
  artifactKey: Guid(5c21b074e7442f54dbbcaf33913664fa) Importer(815301076,1909f56bfc062723c751e8b465ee728b)
Start importing Assets/Supercyan Free Forest Sample/Textures/Skybox using Guid(5c21b074e7442f54dbbcaf33913664fa) Importer(815301076,1909f56bfc062723c751e8b465ee728b)  -> (artifact id: '976678f5e6eee2074ef2861cf33e4a2e') in 0.005986 seconds 
========================================================================
Received Import Request.
  Time since last request: 0.249356 seconds.
  path: Assets/Supercyan Free Forest Sample/Textures/Skybox/nx.png
  artifactKey: Guid(22a5243e756c4974cbd86e180f48fa4a) Importer(815301076,1909f56bfc062723c751e8b465ee728b)
Start importing Assets/Supercyan Free Forest Sample/Textures/Skybox/nx.png using Guid(22a5243e756c4974cbd86e180f48fa4a) Importer(815301076,1909f56bfc062723c751e8b465ee728b)  -> (artifact id: '3ecc2cd1f63ba2af742276be417862ce') in 0.026436 seconds 
========================================================================
Received Import Request.
  Time since last request: 0.000023 seconds.
  path: Assets/Supercyan Free Forest Sample/Textures/Skybox/nz.png
  artifactKey: Guid(2938054f9f41a0b4788f0dea2ae84e19) Importer(815301076,1909f56bfc062723c751e8b465ee728b)
Start importing Assets/Supercyan Free Forest Sample/Textures/Skybox/nz.png using Guid(2938054f9f41a0b4788f0dea2ae84e19) Importer(815301076,1909f56bfc062723c751e8b465ee728b)  -> (artifact id: '7a13eb7109cf809d2c531165efdaf35c') in 0.015975 seconds 
========================================================================
Received Import Request.
  Time since last request: 0.000032 seconds.
  path: Assets/Supercyan Free Forest Sample/Textures/Skybox/py.png
  artifactKey: Guid(a5ab032500bb60a43826c8050069d4ea) Importer(815301076,1909f56bfc062723c751e8b465ee728b)
Start importing Assets/Supercyan Free Forest Sample/Textures/Skybox/py.png using Guid(a5ab032500bb60a43826c8050069d4ea) Importer(815301076,1909f56bfc062723c751e8b465ee728b)  -> (artifact id: 'c08be398aefe7dfe3411c74b0658d66d') in 0.019438 seconds 
========================================================================
Received Prepare
Registering precompiled user dll's ...
Registered in 0.012843 seconds.
Begin MonoManager ReloadAssembly
Symbol file LoadedFromMemory doesn't match image C:\Users\Hugo Rivera\Documents\Universidad\Ciclo ene-ago 2023 ISW\Top\Practica13\Library\PackageCache\com.unity.visualscripting@1.8.0\Editor\VisualScripting.Core\Dependencies\YamlDotNet\Unity.VisualScripting.YamlDotNet.dll
Symbol file LoadedFromMemory doesn't match image C:\Users\Hugo Rivera\Documents\Universidad\Ciclo ene-ago 2023 ISW\Top\Practica13\Library\PackageCache\com.unity.visualscripting@1.8.0\Editor\VisualScripting.Core\Dependencies\DotNetZip\Unity.VisualScripting.IonicZip.dll
Native extension for WindowsStandalone target not found
Native extension for iOS target not found
Native extension for Android target not found
Native extension for WebGL target not found
Refreshing native plugins compatible for Editor in 0.61 ms, found 3 plugins.
Preloading 0 native plugins for Editor in 0.00 ms.
Mono: successfully reloaded assembly
- Completed reload, in  1.078 seconds
Domain Reload Profiling:
	ReloadAssembly (1080ms)
		BeginReloadAssembly (151ms)
			ExecutionOrderSort (0ms)
			DisableScriptedObjects (5ms)
			BackupInstance (0ms)
			ReleaseScriptingObjects (0ms)
			CreateAndSetChildDomain (40ms)
		EndReloadAssembly (810ms)
			LoadAssemblies (99ms)
			RebuildTransferFunctionScriptingTraits (0ms)
			SetupTypeCache (265ms)
			ReleaseScriptCaches (1ms)
			RebuildScriptCaches (37ms)
			SetupLoadedEditorAssemblies (342ms)
				LogAssemblyErrors (0ms)
				InitializePlatformSupportModulesInManaged (37ms)
				SetLoadedEditorAssemblies (0ms)
				RefreshPlugins (1ms)
				BeforeProcessingInitializeOnLoad (79ms)
				ProcessInitializeOnLoadAttributes (187ms)
				ProcessInitializeOnLoadMethodAttributes (23ms)
				AfterProcessingInitializeOnLoad (14ms)
				EditorAssembliesLoaded (0ms)
			ExecutionOrderSort2 (0ms)
			AwakeInstancesAfterBackupRestoration (22ms)
Platform modules already initialized, skipping
Refreshing native plugins compatible for Editor in 2.53 ms, found 3 plugins.
Preloading 0 native plugins for Editor in 0.00 ms.
Unloading 3377 Unused Serialized files (Serialized files now loaded: 0)
Unloading 22 unused Assets / (0.6 MB). Loaded Objects now: 3892.
Memory consumption went from 123.0 MB to 122.4 MB.
Total: 3.333500 ms (FindLiveObjects: 0.262800 ms CreateObjectMapping: 0.087400 ms MarkObjects: 2.688800 ms  DeleteObjects: 0.293000 ms)

AssetImportParameters requested are different than current active one (requested -> active):
  custom:video-decoder-ogg-theora: a1e56fd34408186e4bbccfd4996cb3dc -> 
  custom:container-muxer-webm: aa71ff27fc2769a1b78a27578f13a17b -> 
  custom:container-demuxer-webm: 4f35f7cbe854078d1ac9338744f61a02 -> 
  custom:video-encoder-webm-vp8: eb34c28f22e8b96e1ab97ce403110664 -> 
  custom:video-codec-MediaFoundation-h265: 746d11721c4dcdbdad8f713fa42b33f4 -> 
  custom:audio-encoder-webm-vorbis: bf7c407c2cedff20999df2af8eb42d56 -> 
  custom:framework-win-MediaFoundation: 216162199b28c13a410421893ffa2e32 -> 
  custom:container-demuxer-ogg: 62fdf1f143b41e24485cea50d1cbac27 -> 
  custom:video-decoder-webm-vp8: 9c59270c3fd7afecdb556c50c9e8de78 -> 
  custom:audio-decoder-ogg-vorbis: bf7c407c2cedff20999df2af8eb42d56 -> 
========================================================================
Received Prepare
Registering precompiled user dll's ...
Registered in 0.013593 seconds.
Begin MonoManager ReloadAssembly
Symbol file LoadedFromMemory doesn't match image C:\Users\Hugo Rivera\Documents\Universidad\Ciclo ene-ago 2023 ISW\Top\Practica13\Library\PackageCache\com.unity.visualscripting@1.8.0\Editor\VisualScripting.Core\Dependencies\YamlDotNet\Unity.VisualScripting.YamlDotNet.dll
Symbol file LoadedFromMemory doesn't match image C:\Users\Hugo Rivera\Documents\Universidad\Ciclo ene-ago 2023 ISW\Top\Practica13\Library\PackageCache\com.unity.visualscripting@1.8.0\Editor\VisualScripting.Core\Dependencies\DotNetZip\Unity.VisualScripting.IonicZip.dll
Native extension for WindowsStandalone target not found
Native extension for iOS target not found
Native extension for Android target not found
Native extension for WebGL target not found
Refreshing native plugins compatible for Editor in 0.59 ms, found 3 plugins.
Preloading 0 native plugins for Editor in 0.00 ms.
Mono: successfully reloaded assembly
- Completed reload, in  1.193 seconds
Domain Reload Profiling:
	ReloadAssembly (1194ms)
		BeginReloadAssembly (151ms)
			ExecutionOrderSort (0ms)
			DisableScriptedObjects (5ms)
			BackupInstance (0ms)
			ReleaseScriptingObjects (0ms)
			CreateAndSetChildDomain (41ms)
		EndReloadAssembly (926ms)
			LoadAssemblies (98ms)
			RebuildTransferFunctionScriptingTraits (0ms)
			SetupTypeCache (309ms)
			ReleaseScriptCaches (1ms)
			RebuildScriptCaches (44ms)
			SetupLoadedEditorAssemblies (406ms)
				LogAssemblyErrors (0ms)
				InitializePlatformSupportModulesInManaged (45ms)
				SetLoadedEditorAssemblies (0ms)
				RefreshPlugins (1ms)
				BeforeProcessingInitializeOnLoad (86ms)
				ProcessInitializeOnLoadAttributes (232ms)
				ProcessInitializeOnLoadMethodAttributes (27ms)
				AfterProcessingInitializeOnLoad (14ms)
				EditorAssembliesLoaded (0ms)
			ExecutionOrderSort2 (0ms)
			AwakeInstancesAfterBackupRestoration (15ms)
Platform modules already initialized, skipping
Refreshing native plugins compatible for Editor in 3.00 ms, found 3 plugins.
Preloading 0 native plugins for Editor in 0.00 ms.
Unloading 3377 Unused Serialized files (Serialized files now loaded: 0)
Unloading 20 unused Assets / (80.6 KB). Loaded Objects now: 3895.
Memory consumption went from 122.5 MB to 122.4 MB.
Total: 4.050000 ms (FindLiveObjects: 0.438900 ms CreateObjectMapping: 0.375600 ms MarkObjects: 3.110000 ms  DeleteObjects: 0.123300 ms)

AssetImportParameters requested are different than current active one (requested -> active):
  custom:video-decoder-ogg-theora: a1e56fd34408186e4bbccfd4996cb3dc -> 
  custom:container-muxer-webm: aa71ff27fc2769a1b78a27578f13a17b -> 
  custom:container-demuxer-webm: 4f35f7cbe854078d1ac9338744f61a02 -> 
  custom:video-encoder-webm-vp8: eb34c28f22e8b96e1ab97ce403110664 -> 
  custom:video-codec-MediaFoundation-h265: 746d11721c4dcdbdad8f713fa42b33f4 -> 
  custom:audio-encoder-webm-vorbis: bf7c407c2cedff20999df2af8eb42d56 -> 
  custom:framework-win-MediaFoundation: 216162199b28c13a410421893ffa2e32 -> 
  custom:container-demuxer-ogg: 62fdf1f143b41e24485cea50d1cbac27 -> 
  custom:video-decoder-webm-vp8: 9c59270c3fd7afecdb556c50c9e8de78 -> 
  custom:audio-decoder-ogg-vorbis: bf7c407c2cedff20999df2af8eb42d56 -> 
